2026-01-25 22:04:37,950 - INFO - Parsed job_skills: ['Python', 'Sql', 'Java'] (Type: <class 'list'>)
2026-01-25 22:04:42,424 - INFO - Extracted text length: 0
2026-01-25 22:04:42,424 - INFO - Extracted text preview: 
2026-01-25 22:05:32,389 - INFO - Parsed job_skills: ['Python', 'Sql', 'Java'] (Type: <class 'list'>)
2026-01-25 22:05:32,582 - INFO - Extracted text length: 2530
2026-01-25 22:05:32,583 - INFO - Extracted text preview: Divya Arjun Pawar
Coimbatore, Tamil Nadu | itsdivyapawar2005@gmail.com | +91 9080047677 |
www.linkedin.com/in/divya-pawar-727b39292 | https://github.com/divyapawar96
EDUCATION: LANGUAGES KNOWN:
Kalaig
2026-01-25 22:22:27,800 - INFO - Parsed job_skills: ['Python', 'Sql', 'Java', 'Html'] (Type: <class 'list'>)
2026-01-25 22:22:28,037 - INFO - Extracted text length: 1774
2026-01-25 22:22:28,037 - INFO - Extracted text preview: Coimbatore
CAREER OBJECTIVE
A passionate and driven B.Tech student in Artificial Intelligence and Data Science, eager to leverage
analytical skills, problem-solving abilities, and technical expertise 
2026-01-25 22:30:24,990 - INFO - Parsed job_skills: ['Python', 'sql', 'java', 'html.'] (Type: <class 'list'>)
2026-01-25 22:30:25,084 - INFO - Extracted text length: 2465
2026-01-25 22:30:25,084 - INFO - Extracted text preview: HAREINI S
hareinivenkat@gmail.com | 9384566564
LinkedIn: https://www.linkedin.com/in/hareini-sankar-082a27348/ | GitHub: https://github.com/Hareini
3rd Year B.Tech – Artificial Intelligence and Data S
2026-01-25 22:32:42,117 - INFO - Parsed job_skills: ['python', 'java', 'sql', 'machine learning', 'data science'] (Type: <class 'list'>)
2026-01-25 22:32:42,305 - INFO - Extracted text length: 2530
2026-01-25 22:32:42,305 - INFO - Extracted text preview: Divya Arjun Pawar
Coimbatore, Tamil Nadu | itsdivyapawar2005@gmail.com | +91 9080047677 |
www.linkedin.com/in/divya-pawar-727b39292 | https://github.com/divyapawar96
EDUCATION: LANGUAGES KNOWN:
Kalaig
2026-01-25 22:48:26,965 - INFO - Parsed job_skills: ['python'] (Type: <class 'list'>)
2026-01-25 22:48:31,406 - INFO - Extracted text length: 0
2026-01-25 22:48:31,406 - INFO - Extracted text preview: 
2026-01-25 22:49:26,745 - INFO - Parsed job_skills: ['python'] (Type: <class 'list'>)
2026-01-25 22:49:26,955 - INFO - Extracted text length: 1774
2026-01-25 22:49:26,955 - INFO - Extracted text preview: Coimbatore
CAREER OBJECTIVE
A passionate and driven B.Tech student in Artificial Intelligence and Data Science, eager to leverage
analytical skills, problem-solving abilities, and technical expertise 
2026-01-25 22:50:20,812 - INFO - Parsed job_skills: ['python', 'react', 'java', 'ai', 'sql'] (Type: <class 'list'>)
2026-01-25 22:50:21,000 - INFO - Extracted text length: 2530
2026-01-25 22:50:21,000 - INFO - Extracted text preview: Divya Arjun Pawar
Coimbatore, Tamil Nadu | itsdivyapawar2005@gmail.com | +91 9080047677 |
www.linkedin.com/in/divya-pawar-727b39292 | https://github.com/divyapawar96
EDUCATION: LANGUAGES KNOWN:
Kalaig
